{
  "RSpec": {
    "coverage": {
      "/Users/js/projects/tech-tests/bank/spec/account_spec.rb": [
        1,
        null,
        1,
        null,
        1,
        8,
        8,
        null,
        8,
        null,
        null,
        8,
        7,
        null,
        null,
        null,
        1,
        1,
        null,
        null,
        1,
        1,
        1,
        null,
        null,
        null,
        1,
        1,
        1,
        1,
        null,
        null,
        1,
        1,
        null,
        null,
        null,
        null,
        null,
        null,
        1,
        null,
        1,
        3,
        null,
        null,
        1,
        1,
        1,
        null,
        null,
        1,
        1,
        1,
        null,
        null,
        1,
        1,
        null,
        null,
        null,
        null,
        null,
        null,
        1,
        1,
        1,
        null,
        null,
        null,
        null,
        null
      ],
      "/Users/js/projects/tech-tests/bank/lib/account.rb": [
        1,
        null,
        1,
        null,
        1,
        null,
        1,
        null,
        1,
        8,
        8,
        null,
        null,
        1,
        5,
        5,
        null,
        null,
        1,
        3,
        2,
        2,
        null,
        null,
        null,
        1,
        1,
        null,
        null,
        1,
        null,
        1,
        7,
        null,
        null,
        null
      ],
      "/Users/js/projects/tech-tests/bank/lib/transactions.rb": [
        1,
        null,
        1,
        null,
        1,
        null,
        1,
        4,
        4,
        null,
        null,
        1,
        2,
        null,
        null,
        null,
        2,
        null,
        null,
        1,
        1,
        null,
        null,
        1,
        null,
        1,
        0,
        null,
        null
      ],
      "/Users/js/projects/tech-tests/bank/lib/statement.rb": [
        1,
        null,
        1,
        2,
        null,
        null,
        1,
        1,
        null,
        null,
        1,
        1,
        1,
        3,
        3,
        1,
        null,
        2,
        null,
        3,
        null,
        1,
        1,
        null,
        null,
        1,
        null,
        1,
        6,
        null,
        null,
        1,
        1,
        null,
        null,
        null
      ],
      "/Users/js/projects/tech-tests/bank/spec/statement_spec.rb": [
        1,
        null,
        1,
        null,
        1,
        2,
        2,
        null,
        null,
        null,
        null,
        1,
        1,
        null,
        null,
        1,
        1,
        2,
        null,
        null,
        null,
        null,
        null,
        null,
        null,
        null,
        null
      ],
      "/Users/js/projects/tech-tests/bank/spec/transactions_spec.rb": [
        1,
        null,
        1,
        null,
        1,
        4,
        4,
        4,
        5,
        null,
        null,
        null,
        null,
        1,
        1,
        null,
        null,
        1,
        1,
        null,
        null,
        1,
        null,
        1,
        1,
        1,
        null,
        null,
        null,
        null,
        null,
        null,
        1,
        1,
        1,
        1,
        null,
        null,
        null,
        null,
        null,
        null
      ]
    },
    "timestamp": 1539083359
  }
}
